<?xml version="1.0" encoding="UTF-8"?>
<!-- Generated by org.testng.reporters.JUnitReportReporter -->
<testsuite hostname="Ajays-MacBook-Air.local" failures="0" tests="4" name="com.vnm.testcases.LoginPageTest" time="9.161" errors="0" timestamp="2021-09-30T19:46:14 IST" skipped="3">
  <testcase classname="com.vnm.testcases.LoginPageTest" name="readFromTestNGXML" time="9.161"/>
  <system-out/>
  <testcase classname="com.vnm.testcases.LoginPageTest" name="validateLoginTestUsingExcel">
    <skipped/>
  </testcase> <!-- validateLoginTestUsingExcel -->
  <system-out/>
  <testcase classname="com.vnm.testcases.LoginPageTest" name="validateTitleTest">
    <skipped/>
  </testcase> <!-- validateTitleTest -->
  <system-out/>
  <testcase classname="com.vnm.testcases.LoginPageTest" name="validateLoginTest">
    <skipped/>
  </testcase> <!-- validateLoginTest -->
  <system-out/>
</testsuite> <!-- com.vnm.testcases.LoginPageTest -->
